#
# There is insufficient memory for the Java Runtime Environment to continue.
# Native memory allocation (mmap) failed to map 83886080 bytes for G1 virtual space
# Possible reasons:
#   The system is out of physical RAM or swap space
#   The process is running with CompressedOops enabled, and the Java Heap may be blocking the growth of the native heap
# Possible solutions:
#   Reduce memory load on the system
#   Increase physical memory or swap space
#   Check if swap backing store is full
#   Decrease Java heap size (-Xmx/-Xms)
#   Decrease number of Java threads
#   Decrease Java thread stack sizes (-Xss)
#   Set larger code cache with -XX:ReservedCodeCacheSize=
#   JVM is running with Unscaled Compressed Oops mode in which the Java heap is
#     placed in the first 4GB address space. The Java Heap base address is the
#     maximum limit for the native heap growth. Please use -XX:HeapBaseMinAddress
#     to set the Java Heap base and to place the Java Heap above 4GB virtual address.
# This output file may be truncated or incomplete.
#
#  Out of Memory Error (os_windows.cpp:3466), pid=10020, tid=9152
#
# JRE version:  (16.0.1+9) (build )
# Java VM: OpenJDK 64-Bit Server VM (16.0.1+9-24, mixed mode, sharing, tiered, compressed oops, compressed class ptrs, g1 gc, windows-amd64)
# No core dump will be written. Minidumps are not enabled by default on client versions of Windows
#

---------------  S U M M A R Y ------------

Command Line: -javaagent:D:\Program Files\JetBrains\IntelliJ IDEA Community Edition 2021.1.2\lib\idea_rt.jar=57832:D:\Program Files\JetBrains\IntelliJ IDEA Community Edition 2021.1.2\bin -Dfile.encoding=UTF-8 Main

Host: AMD A8-7410 APU with AMD Radeon R5 Graphics    , 4 cores, 4G,  Windows 10 , 64 bit Build 19041 (10.0.19041.1151)
Time: Mon Sep 13 17:12:57 2021 RTZ 2 (s 10 , 64 bit Build 19041 (10.0.19041.1151) elapsed time: 0.290016 seconds (0d 0h 0m 0s)

---------------  T H R E A D  ---------------

Current thread (0x0000020bc99f86e0):  JavaThread "Unknown thread" [_thread_in_vm, id=9152, stack(0x00000060cc600000,0x00000060cc700000)]

Stack: [0x00000060cc600000,0x00000060cc700000]
Native frames: (J=compiled Java code, j=interpreted, Vv=VM code, C=native code)
V  [jvm.dll+0x6687ca]
V  [jvm.dll+0x7ca3c9]
V  [jvm.dll+0x7cbb53]
V  [jvm.dll+0x7cc1b3]
V  [jvm.dll+0x242ea5]
V  [jvm.dll+0x665589]
V  [jvm.dll+0x65a175]
V  [jvm.dll+0x2fc5ab]
V  [jvm.dll+0x3037a6]
V  [jvm.dll+0x352fee]
V  [jvm.dll+0x35321f]
V  [jvm.dll+0x2d3618]
V  [jvm.dll+0x2d4854]
V  [jvm.dll+0x79ccb1]
V  [jvm.dll+0x360de1]
V  [jvm.dll+0x77a990]
V  [jvm.dll+0x3e55af]
V  [jvm.dll+0x3e7081]
C  [jli.dll+0x52fb]
C  [ucrtbase.dll+0x21bb2]
C  [KERNEL32.DLL+0x17034]
C  [ntdll.dll+0x52651]


---------------  P R O C E S S  ---------------

Threads class SMR info:
_java_thread_list=0x00007ffa4bebcbb8, length=0, elements={
}

Java Threads: ( => current thread )

Other Threads:
  0x0000020bc9a2c5a0 GCTaskThread "GC Thread#0" [stack: 0x00000060cc800000,0x00000060cc900000] [id=11868]
  0x0000020bc9a374a0 ConcurrentGCThread "G1 Main Marker" [stack: 0x00000060cc900000,0x00000060cca00000] [id=9832]
  0x0000020bc9a38f20 ConcurrentGCThread "G1 Conc#0" [stack: 0x00000060cca00000,0x00000060ccb00000] [id=3524]

[error occurred during error reporting (printing all threads), id 0xc0000005, EXCEPTION_ACCESS_VIOLATION (0xc0000005) at pc=0x00007ffa4b6944d7]

VM state: not at safepoint (not fully initialized)

VM Mutex/Monitor currently owned by a thread:  ([mutex/lock_event])
[0x0000020bc99f3fd0] Heap_lock - owner thread: 0x0000020bc99f86e0

Heap address: 0x00000000b0a00000, size: 1270 MB, Compressed Oops mode: 32-bit

CDS archive(s) mapped at: [0x0000000000000000-0x0000000000000000-0x0000000000000000), size 0, SharedBaseAddress: 0x0000000800000000, ArchiveRelocationMode: 0.
Narrow klass base: 0x0000000000000000, Narrow klass shift: 0, Narrow klass range: 0x0

GC Precious Log:
<Empty>

Heap:
 garbage-first heap   total 0K, used 0K [0x00000000b0a00000, 0x0000000100000000)
  region size 1024K, 0 young (0K), 0 survivors (0K)

[error occurred during error reporting (printing heap information), id 0xc0000005, EXCEPTION_ACCESS_VIOLATION (0xc0000005) at pc=0x00007ffa4ba724ed]

GC Heap History (0 events):
No events

Deoptimization events (0 events):
No events

Classes unloaded (0 events):
No events

Classes redefined (0 events):
No events

Internal exceptions (0 events):
No events

Events (1 events):
Event: 0.052 Loaded shared library C:\Users\xaski\.jdks\openjdk-16.0.1\bin\java.dll


Dynamic libraries:
0x00007ff653f00000 - 0x00007ff653f0e000 	C:\Users\xaski\.jdks\openjdk-16.0.1\bin\java.exe
0x00007ffad7db0000 - 0x00007ffad7fa5000 	C:\Windows\SYSTEM32\ntdll.dll
0x00007ffad60d0000 - 0x00007ffad618d000 	C:\Windows\System32\KERNEL32.DLL
0x00007ffad5740000 - 0x00007ffad5a09000 	C:\Windows\System32\KERNELBASE.dll
0x00007ffad5b70000 - 0x00007ffad5c70000 	C:\Windows\System32\ucrtbase.dll
0x00007ffad1050000 - 0x00007ffad1068000 	C:\Users\xaski\.jdks\openjdk-16.0.1\bin\jli.dll
0x00007ffad7880000 - 0x00007ffad7a20000 	C:\Windows\System32\USER32.dll
0x00007ffad5710000 - 0x00007ffad5732000 	C:\Windows\System32\win32u.dll
0x00007ffad6570000 - 0x00007ffad659a000 	C:\Windows\System32\GDI32.dll
0x00007ffad5c70000 - 0x00007ffad5d7b000 	C:\Windows\System32\gdi32full.dll
0x00007ffad54e0000 - 0x00007ffad557d000 	C:\Windows\System32\msvcp_win.dll
0x00007ffad1030000 - 0x00007ffad1049000 	C:\Users\xaski\.jdks\openjdk-16.0.1\bin\VCRUNTIME140.dll
0x00007ffac51c0000 - 0x00007ffac545a000 	C:\Windows\WinSxS\amd64_microsoft.windows.common-controls_6595b64144ccf1df_6.0.19041.1110_none_60b5254171f9507e\COMCTL32.dll
0x00007ffad7220000 - 0x00007ffad72be000 	C:\Windows\System32\msvcrt.dll
0x00007ffad7170000 - 0x00007ffad71a0000 	C:\Windows\System32\IMM32.DLL
0x00007ffad1020000 - 0x00007ffad102c000 	C:\Users\xaski\.jdks\openjdk-16.0.1\bin\vcruntime140_1.dll
0x00007ffac29a0000 - 0x00007ffac2a31000 	C:\Users\xaski\.jdks\openjdk-16.0.1\bin\msvcp140.dll
0x00007ffa4b3b0000 - 0x00007ffa4bf5b000 	C:\Users\xaski\.jdks\openjdk-16.0.1\bin\server\jvm.dll
0x00007ffad7a20000 - 0x00007ffad7acc000 	C:\Windows\System32\ADVAPI32.dll
0x00007ffad7cd0000 - 0x00007ffad7d6b000 	C:\Windows\System32\sechost.dll
0x00007ffad5fa0000 - 0x00007ffad60ca000 	C:\Windows\System32\RPCRT4.dll
0x00007ffad6560000 - 0x00007ffad6568000 	C:\Windows\System32\PSAPI.DLL
0x00007ffac5dd0000 - 0x00007ffac5dd9000 	C:\Windows\SYSTEM32\WSOCK32.dll
0x00007ffad65a0000 - 0x00007ffad660b000 	C:\Windows\System32\WS2_32.dll
0x00007ffacbe40000 - 0x00007ffacbe67000 	C:\Windows\SYSTEM32\WINMM.dll
0x00007ffacbf90000 - 0x00007ffacbf9a000 	C:\Windows\SYSTEM32\VERSION.dll
0x00007ffad33f0000 - 0x00007ffad3402000 	C:\Windows\SYSTEM32\kernel.appcore.dll
0x00007ffad1010000 - 0x00007ffad101a000 	C:\Users\xaski\.jdks\openjdk-16.0.1\bin\jimage.dll
0x00007ffacd050000 - 0x00007ffacd234000 	C:\Windows\SYSTEM32\DBGHELP.DLL
0x00007ffac7ae0000 - 0x00007ffac7b0c000 	C:\Windows\SYSTEM32\dbgcore.DLL
0x00007ffad5d80000 - 0x00007ffad5e03000 	C:\Windows\System32\bcryptPrimitives.dll
0x00007fface300000 - 0x00007fface30e000 	C:\Users\xaski\.jdks\openjdk-16.0.1\bin\instrument.dll
0x00007ffad0f20000 - 0x00007ffad0f45000 	C:\Users\xaski\.jdks\openjdk-16.0.1\bin\java.dll

dbghelp: loaded successfully - version: 4.0.5 - missing functions: none
symbol engine: initialized successfully - sym options: 0x614 - pdb path: .;C:\Users\xaski\.jdks\openjdk-16.0.1\bin;C:\Windows\SYSTEM32;C:\Windows\WinSxS\amd64_microsoft.windows.common-controls_6595b64144ccf1df_6.0.19041.1110_none_60b5254171f9507e;C:\Users\xaski\.jdks\openjdk-16.0.1\bin\server

VM Arguments:
jvm_args: -javaagent:D:\Program Files\JetBrains\IntelliJ IDEA Community Edition 2021.1.2\lib\idea_rt.jar=57832:D:\Program Files\JetBrains\IntelliJ IDEA Community Edition 2021.1.2\bin -Dfile.encoding=UTF-8 
java_command: Main
java_class_path (initial): E:\skillbox\java_basics\08_InheritanceAndPolymorphism\homework_8.4\out\production\homework_8.4
Launcher Type: SUN_STANDARD

[Global flags]
     intx CICompilerCount                          = 3                                         {product} {ergonomic}
     uint ConcGCThreads                            = 1                                         {product} {ergonomic}
     uint G1ConcRefinementThreads                  = 4                                         {product} {ergonomic}
   size_t G1HeapRegionSize                         = 1048576                                   {product} {ergonomic}
    uintx GCDrainStackTargetSize                   = 64                                        {product} {ergonomic}
   size_t InitialHeapSize                          = 83886080                                  {product} {ergonomic}
   size_t MarkStackSize                            = 4194304                                   {product} {ergonomic}
   size_t MaxHeapSize                              = 1331691520                                {product} {ergonomic}
   size_t MinHeapDeltaBytes                        = 1048576                                   {product} {ergonomic}
   size_t MinHeapSize                              = 8388608                                   {product} {ergonomic}
    uintx NonNMethodCodeHeapSize                   = 5832780                                {pd product} {ergonomic}
    uintx NonProfiledCodeHeapSize                  = 122912730                              {pd product} {ergonomic}
    uintx ProfiledCodeHeapSize                     = 122912730                              {pd product} {ergonomic}
    uintx ReservedCodeCacheSize                    = 251658240                              {pd product} {ergonomic}
     bool SegmentedCodeCache                       = true                                      {product} {ergonomic}
   size_t SoftMaxHeapSize                          = 1331691520                             {manageable} {ergonomic}
     bool UseCompressedClassPointers               = true                           {product lp64_product} {ergonomic}
     bool UseCompressedOops                        = true                           {product lp64_product} {ergonomic}
     bool UseG1GC                                  = true                                      {product} {ergonomic}
     bool UseLargePagesIndividualAllocation        = false                                  {pd product} {ergonomic}

Logging:
Log output configuration:
 #0: stdout all=warning uptime,level,tags
 #1: stderr all=off uptime,level,tags

Environment Variables:
PATH=C:\Program Files (x86)\NVIDIA Corporation\PhysX\Common;C:\Windows\system32;C:\Windows;C:\Windows\System32\Wbem;C:\Windows\System32\WindowsPowerShell\v1.0\;C:\Windows\System32\OpenSSH\;C:\Program Files\Git\cmd;C:\Program Files\Microsoft SQL Server\Client SDK\ODBC\110\Tools\Binn\;C:\Program Files (x86)\Microsoft SQL Server\120\Tools\Binn\;C:\Program Files\Microsoft SQL Server\120\Tools\Binn\;C:\Program Files\Microsoft SQL Server\120\DTS\Binn\;C:\Program Files (x86)\Windows Kits\8.1\Windows Performance Toolkit\;C:\Program Files\MySQL\MySQL Shell 8.0\bin\;C:\Users\xaski\AppData\Local\Microsoft\WindowsApps;
USERNAME=xaski
OS=Windows_NT
PROCESSOR_IDENTIFIER=AMD64 Family 22 Model 48 Stepping 1, AuthenticAMD



---------------  S Y S T E M  ---------------

OS:
 Windows 10 , 64 bit Build 19041 (10.0.19041.1151)
OS uptime: 2 days 0:22 hours

CPU: total 4 (initial active 4) (4 cores per cpu, 1 threads per core) family 22 model 48 stepping 1 microcode 0x0, cx8, cmov, fxsr, mmx, 3dnowpref, sse, sse2, sse3, ssse3, sse4a, sse4.1, sse4.2, popcnt, lzcnt, tsc, tscinvbit, avx, aes, clmul, bmi1, vzeroupper, clflush

Memory: 4k page, system-wide physical 5073M (561M free)
TotalPageFile size 7120M (AvailPageFile size 52M)
current process WorkingSet (physical memory assigned to process): 10M, peak: 10M
current process commit charge ("private bytes"): 51M, peak: 131M

vm_info: OpenJDK 64-Bit Server VM (16.0.1+9-24) for windows-amd64 JRE (16.0.1+9-24), built on Mar 26 2021 19:30:07 by "mach5one" with MS VC++ 16.7 (VS2019)

END.
